make.exe all --print-data-base --no-builtin-variables --no-builtin-rules --question
make: *** No rule to make target 'all'.  Stop.

# GNU Make 4.3
# Built for Windows32
# Copyright (C) 1988-2020 Free Software Foundation, Inc.
# License GPLv3+: GNU GPL version 3 or later <http://gnu.org/licenses/gpl.html>
# This is free software: you are free to change and redistribute it.
# There is NO WARRANTY, to the extent permitted by law.

# Make data base, printed on Thu Aug 11 15:15:44 2022

# Variables

# environment
SYSTEMDRIVE = C:
# environment
LC_ALL = C
# environment
USERPROFILE = C:\Users\danie
# environment
VBOX_MSI_INSTALL_PATH = C:\Program Files\Oracle\VirtualBox\
# environment
LOCALAPPDATA = C:\Users\danie\AppData\Local
# environment
VSCODE_CWD = C:\Users\danie\AppData\Local\Programs\Microsoft VS Code
# environment
CHOCOLATEYINSTALL = C:\ProgramData\chocolatey
# environment
SYSTEMROOT = C:\WINDOWS
# environment
PROCESSOR_LEVEL = 6
# environment
PSMODULEPATH = C:\Program Files\WindowsPowerShell\Modules;C:\WINDOWS\system32\WindowsPowerShell\v1.0\Modules;C:\Program Files (x86)\Microsoft SQL Server\150\Tools\PowerShell\Modules\
# default
MAKE_COMMAND := C:/Users/danie/scoop/apps/make/current/bin/make.exe
# environment
GOPATH = C:\Users\danie\go
# automatic
@D = $(patsubst %/,%,$(patsubst %\,%,$(dir $@)))
# environment
CHROME_CRASHPAD_PIPE_NAME = \\.\pipe\crashpad_20248_DMHYYCAAQVEDAEKY
# environment
VSCODE_HANDLES_UNCAUGHT_ERRORS = true
# default
.VARIABLES := 
# automatic
%D = $(patsubst %/,%,$(patsubst %\,%,$(dir $%)))
# environment
NVCUDASAMPLES10_1_ROOT = C:\ProgramData\NVIDIA Corporation\CUDA Samples\v10.1
# environment
CUDA_PATH_V10_1 = C:\Program Files\NVIDIA GPU Computing Toolkit\CUDA\v10.1
# automatic
^D = $(patsubst %/,%,$(patsubst %\,%,$(dir $^)))
# automatic
%F = $(notdir $%)
# environment
VSCODE_CODE_CACHE_PATH = C:\Users\danie\AppData\Roaming\Code\CachedData\3b889b090b5ad5793f524b5d1d39fda662b96a2a
# environment
LANG = C
# default
.LOADED := 
# environment
TMP = C:\Users\danie\AppData\Local\Temp
# default
.INCLUDE_DIRS = .
# environment
PROCESSOR_ARCHITEW6432 = AMD64
# makefile
MAKEFLAGS = pqrR
# environment
ONEDRIVE = C:\Users\danie\OneDrive
# makefile
CURDIR := c:/Users/danie/Desktop/GO/GraphQL/hackernews
# environment
APPLICATION_INSIGHTS_NO_DIAGNOSTIC_CHANNEL = 1
# automatic
*D = $(patsubst %/,%,$(patsubst %\,%,$(dir $*)))
# environment
PROGRAMFILES = C:\Program Files (x86)
# environment
MFLAGS = -pqrR
# default
.SHELLFLAGS := -c
# environment
COMMONPROGRAMW6432 = C:\Program Files\Common Files
# automatic
+D = $(patsubst %/,%,$(patsubst %\,%,$(dir $+)))
# makefile (from 'Makefile', line 1)
MAKEFILE_LIST := Makefile
# automatic
@F = $(notdir $@)
# environment
VSCODE_PID = 20248
# environment
CUDA_PATH = C:\Program Files\NVIDIA GPU Computing Toolkit\CUDA\v10.1
# automatic
?D = $(patsubst %/,%,$(patsubst %\,%,$(dir $?)))
# automatic
*F = $(notdir $*)
# automatic
<D = $(patsubst %/,%,$(patsubst %\,%,$(dir $<)))
# environment
VSCODE_NLS_CONFIG = {"locale":"en-us","availableLanguages":{},"_languagePackSupport":true}
# environment
ONEDRIVECONSUMER = C:\Users\danie\OneDrive
# default
MAKE_HOST := Windows32
# environment
PROGRAMDATA = C:\ProgramData
# default
SHELL := sh.exe
# environment
HOMEPATH = \Users\danie
# default
MAKECMDGOALS := all
# environment
DRIVERDATA = C:\Windows\System32\Drivers\DriverData
# environment
COMSPEC = C:\WINDOWS\system32\cmd.exe
# environment
WINDIR = C:\WINDOWS
# environment
MAKELEVEL := 0
# default
MAKE = $(MAKE_COMMAND)
# environment
PATH = E:\Oracle\bin;C:\Program Files\NVIDIA GPU Computing Toolkit\CUDA\v10.1\bin;C:\Program Files\NVIDIA GPU Computing Toolkit\CUDA\v10.1\libnvvp;C:\Program Files\Common Files\Oracle\Java\javapath;C:\WINDOWS\system32;C:\WINDOWS;C:\WINDOWS\System32\Wbem;C:\WINDOWS\System32\OpenSSH\;C:\Program Files (x86)\NVIDIA Corporation\PhysX\Common;C:\Program Files\NVIDIA Corporation\NVIDIA NvDLISR;C:\Program Files\NVIDIA Corporation\Nsight Compute 2019.4.0\;C:\Program Files\Microsoft SQL Server\Client SDK\ODBC\170\Tools\Binn\;C:\Program Files\Git\cmd;C:\Program Files\Azure Data Studio\bin;C:\Users\danie\AppData\Roaming\Python\Python39\Scripts;C:\Users\danie\AppData\Local\Programs\Python\Python39\Scripts;C:\Program Files (x86)\Microsoft SQL Server\150\Tools\Binn\;C:\Program Files\Microsoft SQL Server\150\Tools\Binn\;C:\Program Files\Microsoft SQL Server\150\DTS\Binn\;C:\Program Files (x86)\Microsoft SQL Server\150\DTS\Binn\;C:\Program Files\dotnet\;C:\ProgramData\chocolatey\bin;C:\protobuf-3.19.4\bin;C:\Program Files\Go\bin;C:\Program Files\nodejs\;C:\TDM-GCC-64\bin;C:\Program Files\Docker\Docker\resources\bin;C:\ProgramData\DockerDesktop\version-bin;C:\Users\danie\AppData\Local\Programs\Python\Python39\Scripts\;C:\Users\danie\AppData\Local\Programs\Python\Python39\;C:\Users\danie\scoop\shims;C:\Users\danie\AppData\Local\Programs\Python\Python37\Scripts\;C:\Users\danie\AppData\Local\Programs\Python\Python37\;C:\Users\danie\AppData\Local\Microsoft\WindowsApps;C:\Users\danie\AppData\Local\Programs\Microsoft VS Code\bin;C:\Users\danie\.dotnet\tools;C:\Program Files\Azure Data Studio\bin;C:\Users\danie\.dotnet\tools;C:\Users\danie\.local\bin;C:\protobuf-3.19.4\bin;C:\Users\danie\go\bin;C:\Users\danie\go\bin;C:\Users\danie\AppData\Local\JetBrains\Toolbox\scripts;C:\Users\danie\AppData\Roaming\npm;C:\Windows\System32\WindowsPowerShell\v1.0;
# environment
ZES_ENABLE_SYSMAN = 1
# environment
COMPUTERNAME = DESKTOP-KBCDOTQ
# default
MAKEFILES := 
# automatic
^F = $(notdir $^)
# environment
PROMPT = $P$G
# environment
CHOCOLATEYLASTPATHUPDATE = 132924185158424965
# environment
NVTOOLSEXT_PATH = C:\Program Files\NVIDIA Corporation\NvToolsExt\
# environment
LOGONSERVER = \\DESKTOP-KBCDOTQ
# environment
USERNAME = danie
# environment
COMMONPROGRAMFILES = C:\Program Files (x86)\Common Files
# automatic
?F = $(notdir $?)
# environment
PROGRAMW6432 = C:\Program Files
# environment
PATHEXT = .COM;.EXE;.BAT;.CMD;.VBS;.VBE;.JS;.JSE;.WSF;.WSH;.MSC
# automatic
+F = $(notdir $+)
# environment
ORIGINAL_XDG_CURRENT_DESKTOP = undefined
# environment
USERDOMAIN = DESKTOP-KBCDOTQ
# 'override' directive
GNUMAKEFLAGS := 
# environment
OS = Windows_NT
# makefile
.DEFAULT_GOAL := generate
# default
MAKE_VERSION := 4.3
# environment
PROGRAMFILES(X86) = C:\Program Files (x86)
# environment
NVCUDASAMPLES_ROOT = C:\ProgramData\NVIDIA Corporation\CUDA Samples\v10.1
# environment
USERDOMAIN_ROAMINGPROFILE = DESKTOP-KBCDOTQ
# environment
PIPX_DEFAULT_PYTHON = C:\Users\danie\AppData\Local\Programs\Python\Python39\python.exe
# environment
NUMBER_OF_PROCESSORS = 8
# environment
PUBLIC = C:\Users\Public
# environment
APPDATA = C:\Users\danie\AppData\Roaming
# environment
HOMEDRIVE = C:
# environment
PROCESSOR_ARCHITECTURE = x86
# environment
GOMODCACHE = C:\Users\danie\go\pkg\mod
# environment
VSCODE_AMD_ENTRYPOINT = vs/workbench/api/node/extensionHostProcess
# environment
COMMONPROGRAMFILES(X86) = C:\Program Files (x86)\Common Files
# environment
ELECTRON_RUN_AS_NODE = 1
# environment
TEMP = C:\Users\danie\AppData\Local\Temp
# environment
VSCODE_IPC_HOOK = \\.\pipe\db7f7f1f1f0b104f0877904584eb4bc7-1.69.2-main-sock
# environment
GOPROXY = https://proxy.golang.org,direct
# default
.RECIPEPREFIX := 
# automatic
<F = $(notdir $<)
# default
SUFFIXES := 
# environment
ALLUSERSPROFILE = C:\ProgramData
# environment
SESSIONNAME = Console
# default
.FEATURES := target-specific order-only second-expansion else-if shortest-stem undefine oneshell nocomment grouped-target extra-prereqs archives jobserver output-sync load
# environment
PROCESSOR_REVISION = 9e09
# environment
PROCESSOR_IDENTIFIER = Intel64 Family 6 Model 158 Stepping 9, GenuineIntel
# variable set hash-table stats:
# Load=101/1024=10%, Rehash=0, Collisions=9/128=7%

# Pattern-specific Variable Values

# No pattern-specific variable values.

# Directories

# . (key c:/Users/danie/Desktop/GO/GraphQL/hackernews, mtime 1660220142): 11 files, no impossibilities.

# 11 files, no impossibilities in 1 directories.

# Implicit Rules

# No implicit rules.

# Files

generate:
#  Implicit rule search has not been done.
#  Modification time never checked.
#  File has not been updated.
#  recipe to execute (from 'Makefile', line 2):
	go run github.com/99designs/gqlgen generate

# Not a target:
Makefile:
#  Implicit rule search has been done.
#  Last modified 2022-08-10 13:51:43
#  File has been updated.
#  Successfully updated.

# Not a target:
.DEFAULT:
#  Implicit rule search has not been done.
#  Modification time never checked.
#  File has not been updated.

# Not a target:
all:
#  Command line target.
#  Implicit rule search has been done.
#  File does not exist.
#  File has not been updated.

run:
#  Implicit rule search has not been done.
#  Modification time never checked.
#  File has not been updated.
#  recipe to execute (from 'Makefile', line 5):
	go run server.go

# files hash-table stats:
# Load=6/1024=1%, Rehash=0, Collisions=0/16=0%
# VPATH Search Paths

# No 'vpath' search paths.

# No general ('VPATH' variable) search path.

# strcache buffers: 1 (0) / strings = 16 / storage = 115 B / avg = 7 
 B
# current buf: size = 8174 B / used = 115 B / count = 16 / avg = 7 B

# strcache performance: lookups = 22 / hit rate = 27%
# hash-table stats:
# Load=16/8192=0%, Rehash=0, Collisions=0/22=0%
# Finished Make data base on Thu Aug 11 15:15:44 2022

 
